<?xml version="1.0" encoding="UTF-8"?>
<testng-results ignored="0" total="1" passed="1" failed="0" skipped="0">
  <reporter-output>
    <line>
      <![CDATA[Running verify test]]>
    </line>
    <line>
      <![CDATA[Logout from app]]>
    </line>
    <line>
      <![CDATA[Closing the browser]]>
    </line>
  </reporter-output>
  <suite started-at="2023-01-14T17:38:10 IST" name="Default suite" finished-at="2023-01-14T17:38:32 IST" duration-ms="22363">
    <groups>
    </groups>
    <test started-at="2023-01-14T17:38:10 IST" name="Default test" finished-at="2023-01-14T17:38:32 IST" duration-ms="22363">
      <class name="Page_Factory_Testing.Test1">
        <test-method is-config="true" signature="openBrowser()[pri:0, instance:Page_Factory_Testing.Test1@957e06]" started-at="2023-01-14T17:38:10 IST" name="openBrowser" finished-at="2023-01-14T17:38:27 IST" duration-ms="17181" status="PASS">
          <reporter-output>
          </reporter-output>
        </test-method> <!-- openBrowser -->
        <test-method is-config="true" signature="openApp()[pri:0, instance:Page_Factory_Testing.Test1@957e06]" started-at="2023-01-14T17:38:27 IST" name="openApp" finished-at="2023-01-14T17:38:27 IST" duration-ms="285" status="PASS">
          <reporter-output>
          </reporter-output>
        </test-method> <!-- openApp -->
        <test-method signature="verifyTest()[pri:0, instance:Page_Factory_Testing.Test1@957e06]" started-at="2023-01-14T17:38:27 IST" name="verifyTest" finished-at="2023-01-14T17:38:32 IST" duration-ms="4845" status="PASS">
          <reporter-output>
            <line>
              <![CDATA[Running verify test]]>
            </line>
          </reporter-output>
        </test-method> <!-- verifyTest -->
        <test-method is-config="true" signature="logout()[pri:0, instance:Page_Factory_Testing.Test1@957e06]" started-at="2023-01-14T17:38:32 IST" name="logout" finished-at="2023-01-14T17:38:32 IST" duration-ms="0" status="PASS">
          <reporter-output>
            <line>
              <![CDATA[Logout from app]]>
            </line>
          </reporter-output>
        </test-method> <!-- logout -->
        <test-method is-config="true" signature="closeBrowser()[pri:0, instance:Page_Factory_Testing.Test1@957e06]" started-at="2023-01-14T17:38:32 IST" name="closeBrowser" finished-at="2023-01-14T17:38:32 IST" duration-ms="1" status="PASS">
          <reporter-output>
            <line>
              <![CDATA[Closing the browser]]>
            </line>
          </reporter-output>
        </test-method> <!-- closeBrowser -->
      </class> <!-- Page_Factory_Testing.Test1 -->
    </test> <!-- Default test -->
  </suite> <!-- Default suite -->
</testng-results>
